Apache Ant version 1.7.1 compiled on July 2 2010
Buildfile: ../scripts/build.xml
Detected Java version: 1.6 in: /usr/lib/jvm/java-1.7.0-openjdk-1.7.0.45.x86_64/jre
Detected OS: Linux
parsing buildfile /root/Devops/build/scripts/build.xml with URI = file:/root/Devops/build/scripts/build.xml
Project base dir set to: /root/Devops/build/scripts
[antlib:org.apache.tools.ant] Could not load definitions from resource org/apache/tools/ant/antlib.xml. It could not be found.
 [property] Loading Environment env.
 [property] Loading /root/Devops/build/dev/ant.properties
Build sequence for target(s) `import' is [import]
Complete build sequence is [import, ]

import:
     [echo] importscript: /root/Devops/build/scripts/import.py
     [echo] importconfig: /root/Devops/build/dev/import.properties
     [wlst] <WLSTTask> Executing the command line : 
     [wlst] /usr/lib/jvm/java-1.7.0-openjdk-1.7.0.45.x86_64/jre/bin/java -Ddebug=true -DfailOnError=true -DexecuteScriptBeforeFile=true -DpropertiesFile=/root/Devops/build/dev/import.properties -DfileName=/root/Devops/build/scripts/import.py -classpath /usr/share/java/ant.jar:/usr/share/java/ant-launcher.jar:/usr/share/java/jaxp_parser_impl.jar:/usr/share/java/xml-commons-apis.jar:/usr/share/java/antlr.jar:/usr/share/java/ant/ant-antlr.jar:/usr/share/java/bcel.jar:/usr/share/java/ant/ant-apache-bcel.jar:/usr/share/java/bsf.jar:/usr/share/java/ant/ant-apache-bsf.jar:/usr/share/java/log4j.jar:/usr/share/java/ant/ant-apache-log4j.jar:/usr/share/java/oro.jar:/usr/share/java/ant/ant-apache-oro.jar:/usr/share/java/regexp.jar:/usr/share/java/ant/ant-apache-regexp.jar:/usr/share/java/xml-commons-resolver.jar:/usr/share/java/ant/ant-apache-resolver.jar:/usr/share/java/jakarta-commons-logging.jar:/usr/share/java/ant/ant-commons-logging.jar:/usr/share/java/jakarta-commons-net.jar:/usr/share/java/ant/ant-commons-net.jar:/usr/share/java/javamail.jar:/usr/share/java/jaf.jar:/usr/share/java/ant/ant-javamail.jar:/usr/share/java/jdepend.jar:/usr/share/java/ant/ant-jdepend.jar:/usr/share/java/jsch.jar:/usr/share/java/ant/ant-jsch.jar:/usr/share/java/junit.jar:/usr/share/java/ant/ant-junit.jar:/usr/share/java/ant/ant-nodeps.jar:/usr/share/java/ant/ant-swing.jar:/usr/share/java/jaxp_transform_impl.jar:/usr/share/java/ant/ant-trax.jar:/usr/share/java/xalan-j2-serializer.jar:/usr/lib/jvm/java/lib/tools.jar:/oracle/middleware/Oracle_OSB1/lib/sb-kernel-impl.jar:/oracle/middleware/Oracle_OSB1/lib/sb-kernel-api.jar:/oracle/middleware/Oracle_OSB1/modules/com.bea.common.configfwk_1.7.0.0.jar:/oracle/middleware/wlserver_10.3/server/lib/weblogic.jar:/usr/share/ant/lib/ant-apache-log4j.jar:/usr/share/ant/lib/ant-trax.jar:/usr/share/ant/lib/ant-apache-regexp.jar:/usr/share/ant/lib/ant-swing.jar:/usr/share/ant/lib/ant-jsch.jar:/usr/share/ant/lib/ant-bootstrap.jar:/usr/share/ant/lib/ant-junit.jar:/usr/share/ant/lib/ant-apache-bcel.jar:/usr/share/ant/lib/ant-apache-oro.jar:/usr/share/ant/lib/ant-javamail.jar:/usr/share/ant/lib/ant-antlr.jar:/usr/share/ant/lib/ant-commons-net.jar:/usr/share/ant/lib/ant-commons-logging.jar:/usr/share/ant/lib/ant-nodeps.jar:/usr/share/ant/lib/ant-jdepend.jar:/usr/share/ant/lib/ant.jar:/usr/share/ant/lib/ant-apache-resolver.jar:/usr/share/ant/lib/ant-launcher.jar:/usr/share/ant/lib/ant-apache-bsf.jar weblogic.management.scripting.WLSTInterpreterInvoker
     [wlst] Executing '/usr/lib/jvm/java-1.7.0-openjdk-1.7.0.45.x86_64/jre/bin/java' with arguments:
     [wlst] '-Ddebug=true'
     [wlst] '-DfailOnError=true'
     [wlst] '-DexecuteScriptBeforeFile=true'
     [wlst] '-DpropertiesFile=/root/Devops/build/dev/import.properties'
     [wlst] '-DfileName=/root/Devops/build/scripts/import.py'
     [wlst] '-classpath'
     [wlst] '/usr/share/java/ant.jar:/usr/share/java/ant-launcher.jar:/usr/share/java/jaxp_parser_impl.jar:/usr/share/java/xml-commons-apis.jar:/usr/share/java/antlr.jar:/usr/share/java/ant/ant-antlr.jar:/usr/share/java/bcel.jar:/usr/share/java/ant/ant-apache-bcel.jar:/usr/share/java/bsf.jar:/usr/share/java/ant/ant-apache-bsf.jar:/usr/share/java/log4j.jar:/usr/share/java/ant/ant-apache-log4j.jar:/usr/share/java/oro.jar:/usr/share/java/ant/ant-apache-oro.jar:/usr/share/java/regexp.jar:/usr/share/java/ant/ant-apache-regexp.jar:/usr/share/java/xml-commons-resolver.jar:/usr/share/java/ant/ant-apache-resolver.jar:/usr/share/java/jakarta-commons-logging.jar:/usr/share/java/ant/ant-commons-logging.jar:/usr/share/java/jakarta-commons-net.jar:/usr/share/java/ant/ant-commons-net.jar:/usr/share/java/javamail.jar:/usr/share/java/jaf.jar:/usr/share/java/ant/ant-javamail.jar:/usr/share/java/jdepend.jar:/usr/share/java/ant/ant-jdepend.jar:/usr/share/java/jsch.jar:/usr/share/java/ant/ant-jsch.jar:/usr/share/java/junit.jar:/usr/share/java/ant/ant-junit.jar:/usr/share/java/ant/ant-nodeps.jar:/usr/share/java/ant/ant-swing.jar:/usr/share/java/jaxp_transform_impl.jar:/usr/share/java/ant/ant-trax.jar:/usr/share/java/xalan-j2-serializer.jar:/usr/lib/jvm/java/lib/tools.jar:/oracle/middleware/Oracle_OSB1/lib/sb-kernel-impl.jar:/oracle/middleware/Oracle_OSB1/lib/sb-kernel-api.jar:/oracle/middleware/Oracle_OSB1/modules/com.bea.common.configfwk_1.7.0.0.jar:/oracle/middleware/wlserver_10.3/server/lib/weblogic.jar:/usr/share/ant/lib/ant-apache-log4j.jar:/usr/share/ant/lib/ant-trax.jar:/usr/share/ant/lib/ant-apache-regexp.jar:/usr/share/ant/lib/ant-swing.jar:/usr/share/ant/lib/ant-jsch.jar:/usr/share/ant/lib/ant-bootstrap.jar:/usr/share/ant/lib/ant-junit.jar:/usr/share/ant/lib/ant-apache-bcel.jar:/usr/share/ant/lib/ant-apache-oro.jar:/usr/share/ant/lib/ant-javamail.jar:/usr/share/ant/lib/ant-antlr.jar:/usr/share/ant/lib/ant-commons-net.jar:/usr/share/ant/lib/ant-commons-logging.jar:/usr/share/ant/lib/ant-nodeps.jar:/usr/share/ant/lib/ant-jdepend.jar:/usr/share/ant/lib/ant.jar:/usr/share/ant/lib/ant-apache-resolver.jar:/usr/share/ant/lib/ant-launcher.jar:/usr/share/ant/lib/ant-apache-bsf.jar'
     [wlst] 'weblogic.management.scripting.WLSTInterpreterInvoker'
     [wlst] 
     [wlst] The ' characters around the executable and arguments are
     [wlst] not part of the command.
     [wlst] Using input " "
     [wlst] <WLSTTask> Loaded and set the properties from /root/Devops/build/dev/import.properties
     [wlst] <WLSTTask> sys.argv is ['/root/Devops/build/scripts/import.py']
     [wlst] Connecting to server:  t3://172.30.13.50:7001
     [wlst] Connecting to t3://172.30.13.50:7001 with userid weblogic ...
     [wlst] Successfully connected to Admin Server 'AdminServer' that belongs to domain 'soaosbdomain'.
     [wlst] 
     [wlst] Warning: An insecure protocol was used to connect to the 
     [wlst] server. To ensure on-the-wire security, the SSL port or 
     [wlst] Admin port should be used instead.
     [wlst] 
     [wlst] Location changed to domainRuntime tree. This is a read-only tree with DomainMBean as the root. 
     [wlst] For more help, use help(domainRuntime)
     [wlst] 
     [wlst] Starting import of: /root/Devops/configuration/ManagePostSaleComplain.jar on ALSB Admin Server: t3://172.30.13.50:7001
     [wlst] Read import jar file
     [wlst] Import file read successfully /root/Devops/configuration/ManagePostSaleComplain.jar
     [wlst] Creating unique session name
     [wlst] Created session name : ALSBImportScript-1472685389443
     [wlst] Creating SessionMBean
     [wlst] 
     [wlst] SessionMBean started new session
     [wlst] Create ALSBConfiguration
     [wlst] 
     [wlst] ALSBConfiguration MBean found [MBeanServerInvocationHandler]com.bea:Name=ALSBConfiguration.ALSBImportScript-1472685389443,Type=com.bea.wli.sb.management.configuration.ALSBConfigurationMBean
     [wlst] Uploading Jar file
     [wlst] Jar Uploaded
     [wlst] ALSB Project will now get imported
     [wlst] Default importPlan
     [wlst] Skip WSDL Test/WSDL/SvcSwithcExt
     [wlst] Skip BusinessService Test/BS/SwitchPlusSvc_BS
     [wlst] Skip ProxyService Test/PS/ListPriceQuery_PUB
     [wlst] Skip ProxyService Test/PS/pagosRecaudo_PUB
     [wlst] Skip ProxyService Test/PS/GetInfoPlan_PUB
     [wlst] Update BusinessService Test/Devops/ManagePostSaleComplain/BS/ManagePostSaleTransactionMockBS
     [wlst] Update BusinessService Test/Devops/ManagePostSaleComplain/BS/GetSubscriberGeneralInfoMock
     [wlst] Skip ProxyService Test/PS/GetDataConsumption_PUB
     [wlst] Update ProxyService Test/Devops/ManagePostSaleComplain/PS/ManagePostSaleTransactionMock
     [wlst] Skip BusinessService Test/BS/wsServicePago_Interconsumo
     [wlst] Skip WSDL Test/WSDL/wsServicePago_interconsumo
     [wlst] Skip ProxyService Test/PS/Pretups_Mock_PS
     [wlst] Update Xquery Test/Devops/ManagePostSaleComplain/XQUERY/ManagePostSaleComplainResponse
     [wlst] Skip BusinessService Test/BS/pagosRecaudo
     [wlst] Skip BusinessService Test/BS/BS_TigoReceptorMQ
     [wlst] Update XMLSchema Test/Devops/ManagePostSaleComplain/XSD/setNewServiceComplainMock
     [wlst] Skip MQConnection Test/Resources/MQ_DEVTIGO_CONN
     [wlst] Skip WSDL Test/WSDL/pagosRecaudo
     [wlst] Skip ProxyService Test/PS/wsServicePago_Interconsumo_PUB
     [wlst] Skip BusinessService Test/BS/Pretups_Mock
     [wlst] Update WSDL Test/Devops/ManagePostSaleComplain/WSDL/ManagePostSaleTransaction
     [wlst] Skip ProxyService Test/PS/SwitchPlusServicio_PUB
     [wlst] Update XMLSchema Test/Devops/ManagePostSaleComplain/XSD/ManagePostSaleTransaction
     [wlst] Skip ProxyService Test/PS/SendOrder_PS
     [wlst] Skip ProxyService Test/PS/SMSServicePUB
     [wlst] 
     [wlst] Modified importPlan
     [wlst] Skip WSDL Test/WSDL/SvcSwithcExt
     [wlst] Skip BusinessService Test/BS/SwitchPlusSvc_BS
     [wlst] Skip ProxyService Test/PS/ListPriceQuery_PUB
     [wlst] Skip ProxyService Test/PS/pagosRecaudo_PUB
     [wlst] Skip ProxyService Test/PS/GetInfoPlan_PUB
     [wlst] Update BusinessService Test/Devops/ManagePostSaleComplain/BS/ManagePostSaleTransactionMockBS
     [wlst] Update BusinessService Test/Devops/ManagePostSaleComplain/BS/GetSubscriberGeneralInfoMock
     [wlst] Skip ProxyService Test/PS/GetDataConsumption_PUB
     [wlst] Update ProxyService Test/Devops/ManagePostSaleComplain/PS/ManagePostSaleTransactionMock
     [wlst] Skip BusinessService Test/BS/wsServicePago_Interconsumo
     [wlst] Skip WSDL Test/WSDL/wsServicePago_interconsumo
     [wlst] Skip ProxyService Test/PS/Pretups_Mock_PS
     [wlst] Update Xquery Test/Devops/ManagePostSaleComplain/XQUERY/ManagePostSaleComplainResponse
     [wlst] Skip BusinessService Test/BS/pagosRecaudo
     [wlst] Skip BusinessService Test/BS/BS_TigoReceptorMQ
     [wlst] Update XMLSchema Test/Devops/ManagePostSaleComplain/XSD/setNewServiceComplainMock
     [wlst] Skip MQConnection Test/Resources/MQ_DEVTIGO_CONN
     [wlst] Skip WSDL Test/WSDL/pagosRecaudo
     [wlst] Skip ProxyService Test/PS/wsServicePago_Interconsumo_PUB
     [wlst] Skip BusinessService Test/BS/Pretups_Mock
     [wlst] Update WSDL Test/Devops/ManagePostSaleComplain/WSDL/ManagePostSaleTransaction
     [wlst] Skip ProxyService Test/PS/SwitchPlusServicio_PUB
     [wlst] Update XMLSchema Test/Devops/ManagePostSaleComplain/XSD/ManagePostSaleTransaction
     [wlst] Skip ProxyService Test/PS/SendOrder_PS
     [wlst] Skip ProxyService Test/PS/SMSServicePUB
     [wlst] 
     [wlst] 
     [wlst] Loading customization File /root/Devops/build/dev/ManagePostSaleComplain_Customization_DEV.xml
     [wlst] Deployment of : /root/Devops/configuration/ManagePostSaleComplain.jar successful

BUILD SUCCESSFUL
Total time: 1 minute 42 seconds
